2025-10-01 18:54:40,716 - __main__ - INFO - All required files validated successfully
2025-10-01 18:54:40,718 - __main__ - INFO - Loading EDA data...
2025-10-01 18:54:40,740 - __main__ - INFO - Loaded 10 records from EDA file
2025-10-01 18:54:40,740 - __main__ - INFO - Loading labeled data...
2025-10-01 18:54:40,743 - __main__ - INFO - Loaded 10 labels
2025-10-01 18:54:40,746 - __main__ - INFO - Successfully merged pollution source labels
2025-10-01 18:54:40,756 - __main__ - INFO - Data processing completed successfully
2025-10-01 18:54:40,759 - __main__ - INFO - Encoder loaded successfully
2025-10-01 18:54:40,765 - __main__ - WARNING - Model performance file not found, using defaults
2025-10-01 18:54:41,387 - __main__ - INFO - All required files validated successfully
2025-10-01 18:54:41,734 - __main__ - INFO - All required files validated successfully
2025-10-01 18:54:42,177 - __main__ - INFO - All required files validated successfully
2025-10-01 18:54:42,437 - __main__ - INFO - All required files validated successfully
2025-10-01 18:54:42,701 - __main__ - INFO - All required files validated successfully
2025-10-01 18:54:42,948 - __main__ - INFO - All required files validated successfully
2025-10-01 18:54:43,202 - __main__ - INFO - All required files validated successfully
2025-10-01 18:54:43,445 - __main__ - INFO - All required files validated successfully
2025-10-01 18:54:43,697 - __main__ - INFO - All required files validated successfully
2025-10-01 18:54:43,948 - __main__ - INFO - All required files validated successfully
2025-10-01 18:54:44,212 - __main__ - INFO - All required files validated successfully
2025-10-01 18:54:44,330 - __main__ - INFO - All required files validated successfully
2025-10-01 18:54:44,574 - __main__ - INFO - All required files validated successfully
2025-10-01 18:54:44,819 - __main__ - INFO - All required files validated successfully
2025-10-01 18:54:45,070 - __main__ - INFO - All required files validated successfully
2025-10-01 18:54:45,328 - __main__ - INFO - All required files validated successfully
2025-10-01 18:54:45,563 - __main__ - INFO - All required files validated successfully
2025-10-01 18:54:45,814 - __main__ - INFO - All required files validated successfully
2025-10-01 18:54:46,050 - __main__ - INFO - All required files validated successfully
2025-10-01 18:54:46,297 - __main__ - INFO - All required files validated successfully
2025-10-01 18:54:46,546 - __main__ - INFO - All required files validated successfully
2025-10-01 18:54:46,794 - __main__ - INFO - All required files validated successfully
2025-10-01 18:54:47,035 - __main__ - INFO - All required files validated successfully
2025-10-01 18:54:47,277 - __main__ - INFO - All required files validated successfully
2025-10-01 18:54:47,514 - __main__ - INFO - All required files validated successfully
2025-10-01 18:54:47,759 - __main__ - INFO - All required files validated successfully
2025-10-01 18:54:48,008 - __main__ - INFO - All required files validated successfully
2025-10-01 18:54:48,262 - __main__ - INFO - All required files validated successfully
2025-10-01 18:54:48,509 - __main__ - INFO - All required files validated successfully
2025-10-01 18:54:48,762 - __main__ - INFO - All required files validated successfully
2025-10-01 18:54:49,034 - __main__ - INFO - All required files validated successfully
2025-10-01 18:54:49,305 - __main__ - INFO - All required files validated successfully
2025-10-01 18:54:49,578 - __main__ - INFO - All required files validated successfully
2025-10-01 18:54:49,753 - __main__ - INFO - All required files validated successfully
2025-10-01 18:54:50,002 - __main__ - INFO - All required files validated successfully
2025-10-01 18:54:50,268 - __main__ - INFO - All required files validated successfully
2025-10-01 18:54:50,510 - __main__ - INFO - All required files validated successfully
2025-10-01 18:54:50,758 - __main__ - INFO - All required files validated successfully
2025-10-01 18:54:50,941 - __main__ - INFO - All required files validated successfully
2025-10-01 18:54:51,183 - __main__ - INFO - All required files validated successfully
2025-10-01 18:54:51,419 - __main__ - INFO - All required files validated successfully
2025-10-01 18:54:51,669 - __main__ - INFO - All required files validated successfully
2025-10-01 18:54:51,943 - __main__ - INFO - All required files validated successfully
2025-10-01 18:54:52,193 - __main__ - INFO - All required files validated successfully
2025-10-01 18:54:52,441 - __main__ - INFO - All required files validated successfully
2025-10-01 18:54:52,691 - __main__ - INFO - All required files validated successfully
2025-10-01 18:54:52,936 - __main__ - INFO - All required files validated successfully
2025-10-01 18:54:53,179 - __main__ - INFO - All required files validated successfully
2025-10-01 18:54:53,433 - __main__ - INFO - All required files validated successfully
2025-10-01 18:54:53,684 - __main__ - INFO - All required files validated successfully
2025-10-01 18:54:53,925 - __main__ - INFO - All required files validated successfully
2025-10-01 18:54:54,178 - __main__ - INFO - All required files validated successfully
2025-10-01 18:54:54,426 - __main__ - INFO - All required files validated successfully
2025-10-01 18:54:54,680 - __main__ - INFO - All required files validated successfully
2025-10-01 18:54:54,926 - __main__ - INFO - All required files validated successfully
2025-10-01 18:54:55,178 - __main__ - INFO - All required files validated successfully
2025-10-01 18:54:55,332 - __main__ - INFO - All required files validated successfully
2025-10-01 18:54:55,340 - __main__ - WARNING - Error with date input: The default `value` of [datetime.date(2025, 9, 1), datetime.date(2025, 10, 1)] must lie between the `min_value` of 2025-10-01 and the `max_value` of 2025-10-01, inclusively.
2025-10-01 18:54:55,583 - __main__ - INFO - All required files validated successfully
2025-10-01 18:54:55,587 - __main__ - WARNING - Error with date input: The default `value` of [datetime.date(2025, 9, 1), datetime.date(2025, 10, 1)] must lie between the `min_value` of 2025-10-01 and the `max_value` of 2025-10-01, inclusively.
2025-10-01 18:54:55,829 - __main__ - INFO - All required files validated successfully
2025-10-01 18:54:55,832 - __main__ - WARNING - Error with date input: The default `value` of [datetime.date(2025, 9, 1), datetime.date(2025, 10, 1)] must lie between the `min_value` of 2025-10-01 and the `max_value` of 2025-10-01, inclusively.
2025-10-01 18:54:56,077 - __main__ - INFO - All required files validated successfully
2025-10-01 18:54:56,081 - __main__ - WARNING - Error with date input: The default `value` of [datetime.date(2025, 9, 1), datetime.date(2025, 10, 1)] must lie between the `min_value` of 2025-10-01 and the `max_value` of 2025-10-01, inclusively.
2025-10-01 18:54:56,329 - __main__ - INFO - All required files validated successfully
2025-10-01 18:54:56,332 - __main__ - WARNING - Error with date input: The default `value` of [datetime.date(2025, 9, 1), datetime.date(2025, 10, 1)] must lie between the `min_value` of 2025-10-01 and the `max_value` of 2025-10-01, inclusively.
2025-10-01 18:54:56,569 - __main__ - INFO - All required files validated successfully
2025-10-01 18:54:56,573 - __main__ - WARNING - Error with date input: The default `value` of [datetime.date(2025, 9, 1), datetime.date(2025, 10, 1)] must lie between the `min_value` of 2025-10-01 and the `max_value` of 2025-10-01, inclusively.
2025-10-01 18:54:56,834 - __main__ - INFO - All required files validated successfully
2025-10-01 18:54:56,838 - __main__ - WARNING - Error with date input: The default `value` of [datetime.date(2025, 9, 1), datetime.date(2025, 10, 1)] must lie between the `min_value` of 2025-10-01 and the `max_value` of 2025-10-01, inclusively.
2025-10-01 18:54:57,082 - __main__ - INFO - All required files validated successfully
2025-10-01 18:54:57,087 - __main__ - WARNING - Error with date input: The default `value` of [datetime.date(2025, 9, 1), datetime.date(2025, 10, 1)] must lie between the `min_value` of 2025-10-01 and the `max_value` of 2025-10-01, inclusively.
2025-10-01 18:54:57,333 - __main__ - INFO - All required files validated successfully
2025-10-01 18:54:57,339 - __main__ - WARNING - Error with date input: The default `value` of [datetime.date(2025, 9, 1), datetime.date(2025, 10, 1)] must lie between the `min_value` of 2025-10-01 and the `max_value` of 2025-10-01, inclusively.
2025-10-01 18:54:57,578 - __main__ - INFO - All required files validated successfully
2025-10-01 18:54:57,582 - __main__ - WARNING - Error with date input: The default `value` of [datetime.date(2025, 9, 1), datetime.date(2025, 10, 1)] must lie between the `min_value` of 2025-10-01 and the `max_value` of 2025-10-01, inclusively.
2025-10-01 18:54:57,828 - __main__ - INFO - All required files validated successfully
2025-10-01 18:54:57,832 - __main__ - WARNING - Error with date input: The default `value` of [datetime.date(2025, 9, 1), datetime.date(2025, 10, 1)] must lie between the `min_value` of 2025-10-01 and the `max_value` of 2025-10-01, inclusively.
2025-10-01 18:54:58,088 - __main__ - INFO - All required files validated successfully
2025-10-01 18:54:58,097 - __main__ - WARNING - Error with date input: The default `value` of [datetime.date(2025, 9, 1), datetime.date(2025, 10, 1)] must lie between the `min_value` of 2025-10-01 and the `max_value` of 2025-10-01, inclusively.
2025-10-01 18:54:58,350 - __main__ - INFO - All required files validated successfully
2025-10-01 18:54:58,354 - __main__ - WARNING - Error with date input: The default `value` of [datetime.date(2025, 9, 1), datetime.date(2025, 10, 1)] must lie between the `min_value` of 2025-10-01 and the `max_value` of 2025-10-01, inclusively.
2025-10-01 18:54:58,595 - __main__ - INFO - All required files validated successfully
2025-10-01 18:54:58,599 - __main__ - WARNING - Error with date input: The default `value` of [datetime.date(2025, 9, 1), datetime.date(2025, 10, 1)] must lie between the `min_value` of 2025-10-01 and the `max_value` of 2025-10-01, inclusively.
2025-10-01 18:54:58,850 - __main__ - INFO - All required files validated successfully
2025-10-01 18:54:58,854 - __main__ - WARNING - Error with date input: The default `value` of [datetime.date(2025, 9, 1), datetime.date(2025, 10, 1)] must lie between the `min_value` of 2025-10-01 and the `max_value` of 2025-10-01, inclusively.
2025-10-01 18:54:59,101 - __main__ - INFO - All required files validated successfully
2025-10-01 18:54:59,104 - __main__ - WARNING - Error with date input: The default `value` of [datetime.date(2025, 9, 1), datetime.date(2025, 10, 1)] must lie between the `min_value` of 2025-10-01 and the `max_value` of 2025-10-01, inclusively.
2025-10-01 18:54:59,353 - __main__ - INFO - All required files validated successfully
2025-10-01 18:54:59,357 - __main__ - WARNING - Error with date input: The default `value` of [datetime.date(2025, 9, 1), datetime.date(2025, 10, 1)] must lie between the `min_value` of 2025-10-01 and the `max_value` of 2025-10-01, inclusively.
2025-10-01 18:54:59,615 - __main__ - INFO - All required files validated successfully
2025-10-01 18:54:59,620 - __main__ - WARNING - Error with date input: The default `value` of [datetime.date(2025, 9, 1), datetime.date(2025, 10, 1)] must lie between the `min_value` of 2025-10-01 and the `max_value` of 2025-10-01, inclusively.
2025-10-01 18:54:59,873 - __main__ - INFO - All required files validated successfully
2025-10-01 18:54:59,886 - __main__ - WARNING - Error with date input: The default `value` of [datetime.date(2025, 9, 1), datetime.date(2025, 10, 1)] must lie between the `min_value` of 2025-10-01 and the `max_value` of 2025-10-01, inclusively.
2025-10-01 18:55:00,140 - __main__ - INFO - All required files validated successfully
2025-10-01 18:55:00,146 - __main__ - WARNING - Error with date input: The default `value` of [datetime.date(2025, 9, 1), datetime.date(2025, 10, 1)] must lie between the `min_value` of 2025-10-01 and the `max_value` of 2025-10-01, inclusively.
2025-10-01 18:55:00,393 - __main__ - INFO - All required files validated successfully
2025-10-01 18:55:00,397 - __main__ - WARNING - Error with date input: The default `value` of [datetime.date(2025, 9, 1), datetime.date(2025, 10, 1)] must lie between the `min_value` of 2025-10-01 and the `max_value` of 2025-10-01, inclusively.
2025-10-01 18:55:00,646 - __main__ - INFO - All required files validated successfully
2025-10-01 18:55:00,650 - __main__ - WARNING - Error with date input: The default `value` of [datetime.date(2025, 9, 1), datetime.date(2025, 10, 1)] must lie between the `min_value` of 2025-10-01 and the `max_value` of 2025-10-01, inclusively.
2025-10-01 18:55:00,909 - __main__ - INFO - All required files validated successfully
2025-10-01 18:55:00,912 - __main__ - WARNING - Error with date input: The default `value` of [datetime.date(2025, 9, 1), datetime.date(2025, 10, 1)] must lie between the `min_value` of 2025-10-01 and the `max_value` of 2025-10-01, inclusively.
2025-10-01 18:55:01,168 - __main__ - INFO - All required files validated successfully
2025-10-01 18:55:01,172 - __main__ - WARNING - Error with date input: The default `value` of [datetime.date(2025, 9, 1), datetime.date(2025, 10, 1)] must lie between the `min_value` of 2025-10-01 and the `max_value` of 2025-10-01, inclusively.
2025-10-01 18:55:01,444 - __main__ - INFO - All required files validated successfully
2025-10-01 18:55:01,448 - __main__ - WARNING - Error with date input: The default `value` of [datetime.date(2025, 9, 1), datetime.date(2025, 10, 1)] must lie between the `min_value` of 2025-10-01 and the `max_value` of 2025-10-01, inclusively.
2025-10-01 18:55:01,729 - __main__ - INFO - All required files validated successfully
2025-10-01 18:55:01,733 - __main__ - WARNING - Error with date input: The default `value` of [datetime.date(2025, 9, 1), datetime.date(2025, 10, 1)] must lie between the `min_value` of 2025-10-01 and the `max_value` of 2025-10-01, inclusively.
2025-10-01 18:55:01,999 - __main__ - INFO - All required files validated successfully
2025-10-01 18:55:02,003 - __main__ - WARNING - Error with date input: The default `value` of [datetime.date(2025, 9, 1), datetime.date(2025, 10, 1)] must lie between the `min_value` of 2025-10-01 and the `max_value` of 2025-10-01, inclusively.
2025-10-01 18:55:02,224 - __main__ - INFO - All required files validated successfully
2025-10-01 18:55:02,228 - __main__ - WARNING - Error with date input: The default `value` of [datetime.date(2025, 9, 1), datetime.date(2025, 10, 1)] must lie between the `min_value` of 2025-10-01 and the `max_value` of 2025-10-01, inclusively.
2025-10-01 18:55:02,393 - __main__ - INFO - All required files validated successfully
2025-10-01 18:55:02,397 - __main__ - WARNING - Error with date input: The default `value` of [datetime.date(2025, 9, 1), datetime.date(2025, 10, 1)] must lie between the `min_value` of 2025-10-01 and the `max_value` of 2025-10-01, inclusively.
2025-10-01 18:55:02,682 - __main__ - INFO - All required files validated successfully
2025-10-01 18:55:02,686 - __main__ - WARNING - Error with date input: The default `value` of [datetime.date(2025, 9, 1), datetime.date(2025, 10, 1)] must lie between the `min_value` of 2025-10-01 and the `max_value` of 2025-10-01, inclusively.
2025-10-01 18:55:04,519 - __main__ - INFO - All required files validated successfully
2025-10-01 18:55:04,525 - __main__ - WARNING - Error with date input: The default `value` of [datetime.date(2025, 9, 1), datetime.date(2025, 10, 1)] must lie between the `min_value` of 2025-10-01 and the `max_value` of 2025-10-01, inclusively.
2025-10-01 18:55:04,803 - __main__ - INFO - All required files validated successfully
2025-10-01 18:55:04,808 - __main__ - WARNING - Error with date input: The default `value` of [datetime.date(2025, 9, 1), datetime.date(2025, 10, 1)] must lie between the `min_value` of 2025-10-01 and the `max_value` of 2025-10-01, inclusively.
2025-10-01 18:55:05,087 - __main__ - INFO - All required files validated successfully
2025-10-01 18:55:05,091 - __main__ - WARNING - Error with date input: The default `value` of [datetime.date(2025, 9, 1), datetime.date(2025, 10, 1)] must lie between the `min_value` of 2025-10-01 and the `max_value` of 2025-10-01, inclusively.
2025-10-01 18:55:05,941 - __main__ - INFO - All required files validated successfully
2025-10-01 18:55:06,907 - __main__ - INFO - All required files validated successfully
2025-10-01 18:55:08,704 - __main__ - INFO - All required files validated successfully
2025-10-01 18:55:10,066 - __main__ - INFO - All required files validated successfully
2025-10-01 18:55:10,363 - __main__ - INFO - All required files validated successfully
2025-10-01 18:55:10,699 - __main__ - INFO - All required files validated successfully
2025-10-01 18:55:11,801 - __main__ - INFO - All required files validated successfully
2025-10-01 18:55:11,805 - __main__ - WARNING - Error with date input: The default `value` of [datetime.date(2025, 9, 1), datetime.date(2025, 10, 1)] must lie between the `min_value` of 2025-10-01 and the `max_value` of 2025-10-01, inclusively.
2025-10-01 18:55:18,838 - __main__ - INFO - All required files validated successfully
2025-10-01 18:55:18,846 - __main__ - WARNING - Error with date input: The default `value` of [datetime.date(2025, 9, 1), datetime.date(2025, 10, 1)] must lie between the `min_value` of 2025-10-01 and the `max_value` of 2025-10-01, inclusively.
2025-10-01 18:55:19,474 - __main__ - INFO - All required files validated successfully
2025-10-01 18:55:20,155 - __main__ - INFO - All required files validated successfully
2025-10-01 18:55:20,904 - __main__ - INFO - All required files validated successfully
2025-10-01 18:57:52,420 - __main__ - INFO - All required files validated successfully
2025-10-01 18:57:52,421 - __main__ - INFO - Loading EDA data...
2025-10-01 18:57:52,425 - __main__ - INFO - Loaded 10 records from EDA file
2025-10-01 18:57:52,425 - __main__ - INFO - Loading labeled data...
2025-10-01 18:57:52,426 - __main__ - INFO - Loaded 10 labels
2025-10-01 18:57:52,426 - __main__ - INFO - Successfully merged pollution source labels
2025-10-01 18:57:52,429 - __main__ - INFO - Data processing completed successfully
2025-10-01 18:57:52,431 - __main__ - INFO - Encoder loaded successfully
2025-10-01 18:57:52,432 - __main__ - WARNING - Model performance file not found, using defaults
2025-10-01 18:57:53,161 - __main__ - INFO - All required files validated successfully
2025-10-01 18:57:53,658 - __main__ - INFO - All required files validated successfully
2025-10-01 18:57:54,140 - __main__ - INFO - All required files validated successfully
2025-10-01 18:57:54,583 - __main__ - INFO - All required files validated successfully
2025-10-01 18:57:54,920 - __main__ - INFO - All required files validated successfully
2025-10-01 18:57:54,929 - __main__ - WARNING - Error with date input: The default `value` of [datetime.date(2025, 9, 1), datetime.date(2025, 10, 1)] must lie between the `min_value` of 2025-10-01 and the `max_value` of 2025-10-01, inclusively.
2025-10-01 18:57:55,226 - __main__ - INFO - All required files validated successfully
2025-10-01 18:57:55,240 - __main__ - WARNING - Error with date input: The default `value` of [datetime.date(2025, 9, 1), datetime.date(2025, 10, 1)] must lie between the `min_value` of 2025-10-01 and the `max_value` of 2025-10-01, inclusively.
2025-10-01 18:57:55,592 - __main__ - INFO - All required files validated successfully
2025-10-01 18:57:55,597 - __main__ - WARNING - Error with date input: The default `value` of [datetime.date(2025, 9, 1), datetime.date(2025, 10, 1)] must lie between the `min_value` of 2025-10-01 and the `max_value` of 2025-10-01, inclusively.
2025-10-01 18:57:55,934 - __main__ - INFO - All required files validated successfully
2025-10-01 18:57:55,939 - __main__ - WARNING - Error with date input: The default `value` of [datetime.date(2025, 9, 1), datetime.date(2025, 10, 1)] must lie between the `min_value` of 2025-10-01 and the `max_value` of 2025-10-01, inclusively.
2025-10-01 18:57:56,205 - __main__ - INFO - All required files validated successfully
2025-10-01 18:57:56,210 - __main__ - WARNING - Error with date input: The default `value` of [datetime.date(2025, 9, 1), datetime.date(2025, 10, 1)] must lie between the `min_value` of 2025-10-01 and the `max_value` of 2025-10-01, inclusively.
2025-10-01 18:57:56,461 - __main__ - INFO - All required files validated successfully
2025-10-01 18:57:56,465 - __main__ - WARNING - Error with date input: The default `value` of [datetime.date(2025, 9, 1), datetime.date(2025, 10, 1)] must lie between the `min_value` of 2025-10-01 and the `max_value` of 2025-10-01, inclusively.
2025-10-01 18:57:56,706 - __main__ - INFO - All required files validated successfully
2025-10-01 18:57:56,710 - __main__ - WARNING - Error with date input: The default `value` of [datetime.date(2025, 9, 1), datetime.date(2025, 10, 1)] must lie between the `min_value` of 2025-10-01 and the `max_value` of 2025-10-01, inclusively.
2025-10-01 18:57:56,943 - __main__ - INFO - All required files validated successfully
2025-10-01 18:57:56,948 - __main__ - WARNING - Error with date input: The default `value` of [datetime.date(2025, 9, 1), datetime.date(2025, 10, 1)] must lie between the `min_value` of 2025-10-01 and the `max_value` of 2025-10-01, inclusively.
2025-10-01 18:57:57,171 - __main__ - INFO - All required files validated successfully
2025-10-01 18:57:57,174 - __main__ - WARNING - Error with date input: The default `value` of [datetime.date(2025, 9, 1), datetime.date(2025, 10, 1)] must lie between the `min_value` of 2025-10-01 and the `max_value` of 2025-10-01, inclusively.
2025-10-01 18:57:57,408 - __main__ - INFO - All required files validated successfully
2025-10-01 18:57:57,412 - __main__ - WARNING - Error with date input: The default `value` of [datetime.date(2025, 9, 1), datetime.date(2025, 10, 1)] must lie between the `min_value` of 2025-10-01 and the `max_value` of 2025-10-01, inclusively.
2025-10-01 18:57:57,653 - __main__ - INFO - All required files validated successfully
2025-10-01 18:57:57,658 - __main__ - WARNING - Error with date input: The default `value` of [datetime.date(2025, 9, 1), datetime.date(2025, 10, 1)] must lie between the `min_value` of 2025-10-01 and the `max_value` of 2025-10-01, inclusively.
2025-10-01 18:57:57,892 - __main__ - INFO - All required files validated successfully
2025-10-01 18:57:57,896 - __main__ - WARNING - Error with date input: The default `value` of [datetime.date(2025, 9, 1), datetime.date(2025, 10, 1)] must lie between the `min_value` of 2025-10-01 and the `max_value` of 2025-10-01, inclusively.
2025-10-01 18:57:58,143 - __main__ - INFO - All required files validated successfully
2025-10-01 18:57:58,160 - __main__ - WARNING - Error with date input: The default `value` of [datetime.date(2025, 9, 1), datetime.date(2025, 10, 1)] must lie between the `min_value` of 2025-10-01 and the `max_value` of 2025-10-01, inclusively.
2025-10-01 18:57:58,470 - __main__ - INFO - All required files validated successfully
2025-10-01 18:57:58,474 - __main__ - WARNING - Error with date input: The default `value` of [datetime.date(2025, 9, 1), datetime.date(2025, 10, 1)] must lie between the `min_value` of 2025-10-01 and the `max_value` of 2025-10-01, inclusively.
2025-10-01 18:57:58,709 - __main__ - INFO - All required files validated successfully
2025-10-01 18:57:58,713 - __main__ - WARNING - Error with date input: The default `value` of [datetime.date(2025, 9, 1), datetime.date(2025, 10, 1)] must lie between the `min_value` of 2025-10-01 and the `max_value` of 2025-10-01, inclusively.
2025-10-01 18:57:58,986 - __main__ - INFO - All required files validated successfully
2025-10-01 18:57:58,998 - __main__ - WARNING - Error with date input: The default `value` of [datetime.date(2025, 9, 1), datetime.date(2025, 10, 1)] must lie between the `min_value` of 2025-10-01 and the `max_value` of 2025-10-01, inclusively.
2025-10-01 18:57:59,802 - __main__ - INFO - All required files validated successfully
2025-10-01 18:58:00,368 - __main__ - INFO - All required files validated successfully
2025-10-01 18:58:00,788 - __main__ - INFO - All required files validated successfully
2025-10-01 18:58:01,090 - __main__ - INFO - All required files validated successfully
2025-10-01 18:58:01,379 - __main__ - INFO - All required files validated successfully
2025-10-01 18:58:01,683 - __main__ - INFO - All required files validated successfully
2025-10-01 18:58:01,954 - __main__ - INFO - All required files validated successfully
2025-10-01 18:58:02,218 - __main__ - INFO - All required files validated successfully
2025-10-01 18:58:02,606 - __main__ - INFO - All required files validated successfully
2025-10-01 18:58:02,892 - __main__ - INFO - All required files validated successfully
2025-10-01 18:58:03,191 - __main__ - INFO - All required files validated successfully
2025-10-01 18:58:03,477 - __main__ - INFO - All required files validated successfully
2025-10-01 18:58:03,770 - __main__ - INFO - All required files validated successfully
2025-10-01 18:58:04,027 - __main__ - INFO - All required files validated successfully
2025-10-01 18:58:04,332 - __main__ - INFO - All required files validated successfully
2025-10-01 18:58:04,624 - __main__ - INFO - All required files validated successfully
2025-10-01 18:58:04,987 - __main__ - INFO - All required files validated successfully
2025-10-01 18:58:05,257 - __main__ - INFO - All required files validated successfully
2025-10-01 18:58:05,510 - __main__ - INFO - All required files validated successfully
2025-10-01 18:58:05,804 - __main__ - INFO - All required files validated successfully
2025-10-01 18:58:06,078 - __main__ - INFO - All required files validated successfully
2025-10-01 18:58:06,227 - __main__ - INFO - All required files validated successfully
2025-10-01 18:58:06,232 - __main__ - WARNING - Error with date input: The default `value` of [datetime.date(2025, 9, 1), datetime.date(2025, 10, 1)] must lie between the `min_value` of 2025-10-01 and the `max_value` of 2025-10-01, inclusively.
2025-10-01 18:58:06,493 - __main__ - INFO - All required files validated successfully
2025-10-01 18:58:06,497 - __main__ - WARNING - Error with date input: The default `value` of [datetime.date(2025, 9, 1), datetime.date(2025, 10, 1)] must lie between the `min_value` of 2025-10-01 and the `max_value` of 2025-10-01, inclusively.
2025-10-01 18:58:06,829 - __main__ - INFO - All required files validated successfully
2025-10-01 18:58:06,833 - __main__ - WARNING - Error with date input: The default `value` of [datetime.date(2025, 9, 1), datetime.date(2025, 10, 1)] must lie between the `min_value` of 2025-10-01 and the `max_value` of 2025-10-01, inclusively.
2025-10-01 18:58:07,109 - __main__ - INFO - All required files validated successfully
2025-10-01 18:58:07,114 - __main__ - WARNING - Error with date input: The default `value` of [datetime.date(2025, 9, 1), datetime.date(2025, 10, 1)] must lie between the `min_value` of 2025-10-01 and the `max_value` of 2025-10-01, inclusively.
2025-10-01 18:58:07,366 - __main__ - INFO - All required files validated successfully
2025-10-01 18:58:07,372 - __main__ - WARNING - Error with date input: The default `value` of [datetime.date(2025, 9, 1), datetime.date(2025, 10, 1)] must lie between the `min_value` of 2025-10-01 and the `max_value` of 2025-10-01, inclusively.
2025-10-01 18:58:07,635 - __main__ - INFO - All required files validated successfully
2025-10-01 18:58:07,640 - __main__ - WARNING - Error with date input: The default `value` of [datetime.date(2025, 9, 1), datetime.date(2025, 10, 1)] must lie between the `min_value` of 2025-10-01 and the `max_value` of 2025-10-01, inclusively.
2025-10-01 18:58:07,918 - __main__ - INFO - All required files validated successfully
2025-10-01 18:58:07,922 - __main__ - WARNING - Error with date input: The default `value` of [datetime.date(2025, 9, 1), datetime.date(2025, 10, 1)] must lie between the `min_value` of 2025-10-01 and the `max_value` of 2025-10-01, inclusively.
2025-10-01 18:58:08,183 - __main__ - INFO - All required files validated successfully
2025-10-01 18:58:08,187 - __main__ - WARNING - Error with date input: The default `value` of [datetime.date(2025, 9, 1), datetime.date(2025, 10, 1)] must lie between the `min_value` of 2025-10-01 and the `max_value` of 2025-10-01, inclusively.
2025-10-01 18:58:08,441 - __main__ - INFO - All required files validated successfully
2025-10-01 18:58:08,446 - __main__ - WARNING - Error with date input: The default `value` of [datetime.date(2025, 9, 1), datetime.date(2025, 10, 1)] must lie between the `min_value` of 2025-10-01 and the `max_value` of 2025-10-01, inclusively.
2025-10-01 18:58:08,860 - __main__ - INFO - All required files validated successfully
2025-10-01 18:58:08,869 - __main__ - WARNING - Error with date input: The default `value` of [datetime.date(2025, 9, 1), datetime.date(2025, 10, 1)] must lie between the `min_value` of 2025-10-01 and the `max_value` of 2025-10-01, inclusively.
2025-10-01 18:58:09,232 - __main__ - INFO - All required files validated successfully
2025-10-01 18:58:09,239 - __main__ - WARNING - Error with date input: The default `value` of [datetime.date(2025, 9, 1), datetime.date(2025, 10, 1)] must lie between the `min_value` of 2025-10-01 and the `max_value` of 2025-10-01, inclusively.
2025-10-01 18:58:09,583 - __main__ - INFO - All required files validated successfully
2025-10-01 18:58:09,588 - __main__ - WARNING - Error with date input: The default `value` of [datetime.date(2025, 9, 1), datetime.date(2025, 10, 1)] must lie between the `min_value` of 2025-10-01 and the `max_value` of 2025-10-01, inclusively.
2025-10-01 18:58:09,893 - __main__ - INFO - All required files validated successfully
2025-10-01 18:58:09,898 - __main__ - WARNING - Error with date input: The default `value` of [datetime.date(2025, 9, 1), datetime.date(2025, 10, 1)] must lie between the `min_value` of 2025-10-01 and the `max_value` of 2025-10-01, inclusively.
2025-10-01 18:58:10,174 - __main__ - INFO - All required files validated successfully
2025-10-01 18:58:10,178 - __main__ - WARNING - Error with date input: The default `value` of [datetime.date(2025, 9, 1), datetime.date(2025, 10, 1)] must lie between the `min_value` of 2025-10-01 and the `max_value` of 2025-10-01, inclusively.
2025-10-01 18:58:10,445 - __main__ - INFO - All required files validated successfully
2025-10-01 18:58:10,449 - __main__ - WARNING - Error with date input: The default `value` of [datetime.date(2025, 9, 1), datetime.date(2025, 10, 1)] must lie between the `min_value` of 2025-10-01 and the `max_value` of 2025-10-01, inclusively.
2025-10-01 18:58:10,760 - __main__ - INFO - All required files validated successfully
2025-10-01 18:58:10,765 - __main__ - WARNING - Error with date input: The default `value` of [datetime.date(2025, 9, 1), datetime.date(2025, 10, 1)] must lie between the `min_value` of 2025-10-01 and the `max_value` of 2025-10-01, inclusively.
2025-10-01 18:58:10,997 - __main__ - INFO - All required files validated successfully
2025-10-01 18:58:11,002 - __main__ - WARNING - Error with date input: The default `value` of [datetime.date(2025, 9, 1), datetime.date(2025, 10, 1)] must lie between the `min_value` of 2025-10-01 and the `max_value` of 2025-10-01, inclusively.
2025-10-01 18:58:11,297 - __main__ - INFO - All required files validated successfully
2025-10-01 18:58:11,301 - __main__ - WARNING - Error with date input: The default `value` of [datetime.date(2025, 9, 1), datetime.date(2025, 10, 1)] must lie between the `min_value` of 2025-10-01 and the `max_value` of 2025-10-01, inclusively.
2025-10-01 18:58:11,601 - __main__ - INFO - All required files validated successfully
2025-10-01 18:58:11,605 - __main__ - WARNING - Error with date input: The default `value` of [datetime.date(2025, 9, 1), datetime.date(2025, 10, 1)] must lie between the `min_value` of 2025-10-01 and the `max_value` of 2025-10-01, inclusively.
2025-10-01 18:58:11,878 - __main__ - INFO - All required files validated successfully
2025-10-01 18:58:11,883 - __main__ - WARNING - Error with date input: The default `value` of [datetime.date(2025, 9, 1), datetime.date(2025, 10, 1)] must lie between the `min_value` of 2025-10-01 and the `max_value` of 2025-10-01, inclusively.
2025-10-01 18:58:12,147 - __main__ - INFO - All required files validated successfully
2025-10-01 18:58:12,151 - __main__ - WARNING - Error with date input: The default `value` of [datetime.date(2025, 9, 1), datetime.date(2025, 10, 1)] must lie between the `min_value` of 2025-10-01 and the `max_value` of 2025-10-01, inclusively.
2025-10-01 18:58:12,427 - __main__ - INFO - All required files validated successfully
2025-10-01 18:58:12,431 - __main__ - WARNING - Error with date input: The default `value` of [datetime.date(2025, 9, 1), datetime.date(2025, 10, 1)] must lie between the `min_value` of 2025-10-01 and the `max_value` of 2025-10-01, inclusively.
2025-10-01 18:58:12,706 - __main__ - INFO - All required files validated successfully
2025-10-01 18:58:12,709 - __main__ - WARNING - Error with date input: The default `value` of [datetime.date(2025, 9, 1), datetime.date(2025, 10, 1)] must lie between the `min_value` of 2025-10-01 and the `max_value` of 2025-10-01, inclusively.
2025-10-01 18:58:12,982 - __main__ - INFO - All required files validated successfully
2025-10-01 18:58:12,985 - __main__ - WARNING - Error with date input: The default `value` of [datetime.date(2025, 9, 1), datetime.date(2025, 10, 1)] must lie between the `min_value` of 2025-10-01 and the `max_value` of 2025-10-01, inclusively.
2025-10-01 18:58:13,254 - __main__ - INFO - All required files validated successfully
2025-10-01 18:58:13,273 - __main__ - WARNING - Error with date input: The default `value` of [datetime.date(2025, 9, 1), datetime.date(2025, 10, 1)] must lie between the `min_value` of 2025-10-01 and the `max_value` of 2025-10-01, inclusively.
2025-10-01 18:58:13,557 - __main__ - INFO - All required files validated successfully
2025-10-01 18:58:13,561 - __main__ - WARNING - Error with date input: The default `value` of [datetime.date(2025, 9, 1), datetime.date(2025, 10, 1)] must lie between the `min_value` of 2025-10-01 and the `max_value` of 2025-10-01, inclusively.
2025-10-01 18:58:13,851 - __main__ - INFO - All required files validated successfully
2025-10-01 18:58:13,855 - __main__ - WARNING - Error with date input: The default `value` of [datetime.date(2025, 9, 1), datetime.date(2025, 10, 1)] must lie between the `min_value` of 2025-10-01 and the `max_value` of 2025-10-01, inclusively.
2025-10-01 18:58:14,120 - __main__ - INFO - All required files validated successfully
2025-10-01 18:58:14,124 - __main__ - WARNING - Error with date input: The default `value` of [datetime.date(2025, 9, 1), datetime.date(2025, 10, 1)] must lie between the `min_value` of 2025-10-01 and the `max_value` of 2025-10-01, inclusively.
2025-10-01 18:58:14,397 - __main__ - INFO - All required files validated successfully
2025-10-01 18:58:14,401 - __main__ - WARNING - Error with date input: The default `value` of [datetime.date(2025, 9, 1), datetime.date(2025, 10, 1)] must lie between the `min_value` of 2025-10-01 and the `max_value` of 2025-10-01, inclusively.
2025-10-01 18:58:14,688 - __main__ - INFO - All required files validated successfully
2025-10-01 18:58:14,692 - __main__ - WARNING - Error with date input: The default `value` of [datetime.date(2025, 9, 1), datetime.date(2025, 10, 1)] must lie between the `min_value` of 2025-10-01 and the `max_value` of 2025-10-01, inclusively.
2025-10-01 18:58:14,977 - __main__ - INFO - All required files validated successfully
2025-10-01 18:58:14,981 - __main__ - WARNING - Error with date input: The default `value` of [datetime.date(2025, 9, 1), datetime.date(2025, 10, 1)] must lie between the `min_value` of 2025-10-01 and the `max_value` of 2025-10-01, inclusively.
2025-10-01 18:58:15,272 - __main__ - INFO - All required files validated successfully
2025-10-01 18:58:15,275 - __main__ - WARNING - Error with date input: The default `value` of [datetime.date(2025, 9, 1), datetime.date(2025, 10, 1)] must lie between the `min_value` of 2025-10-01 and the `max_value` of 2025-10-01, inclusively.
2025-10-01 18:58:15,562 - __main__ - INFO - All required files validated successfully
2025-10-01 18:58:15,566 - __main__ - WARNING - Error with date input: The default `value` of [datetime.date(2025, 9, 1), datetime.date(2025, 10, 1)] must lie between the `min_value` of 2025-10-01 and the `max_value` of 2025-10-01, inclusively.
2025-10-01 18:58:15,859 - __main__ - INFO - All required files validated successfully
2025-10-01 18:58:15,863 - __main__ - WARNING - Error with date input: The default `value` of [datetime.date(2025, 9, 1), datetime.date(2025, 10, 1)] must lie between the `min_value` of 2025-10-01 and the `max_value` of 2025-10-01, inclusively.
2025-10-01 18:58:16,155 - __main__ - INFO - All required files validated successfully
2025-10-01 18:58:16,160 - __main__ - WARNING - Error with date input: The default `value` of [datetime.date(2025, 9, 1), datetime.date(2025, 10, 1)] must lie between the `min_value` of 2025-10-01 and the `max_value` of 2025-10-01, inclusively.
2025-10-01 18:58:16,460 - __main__ - INFO - All required files validated successfully
2025-10-01 18:58:16,464 - __main__ - WARNING - Error with date input: The default `value` of [datetime.date(2025, 9, 1), datetime.date(2025, 10, 1)] must lie between the `min_value` of 2025-10-01 and the `max_value` of 2025-10-01, inclusively.
2025-10-01 18:58:16,773 - __main__ - INFO - All required files validated successfully
2025-10-01 18:58:16,777 - __main__ - WARNING - Error with date input: The default `value` of [datetime.date(2025, 9, 1), datetime.date(2025, 10, 1)] must lie between the `min_value` of 2025-10-01 and the `max_value` of 2025-10-01, inclusively.
2025-10-01 18:58:17,042 - __main__ - INFO - All required files validated successfully
2025-10-01 18:58:17,054 - __main__ - WARNING - Error with date input: The default `value` of [datetime.date(2025, 9, 1), datetime.date(2025, 10, 1)] must lie between the `min_value` of 2025-10-01 and the `max_value` of 2025-10-01, inclusively.
2025-10-01 18:58:17,351 - __main__ - INFO - All required files validated successfully
2025-10-01 18:58:17,355 - __main__ - WARNING - Error with date input: The default `value` of [datetime.date(2025, 9, 1), datetime.date(2025, 10, 1)] must lie between the `min_value` of 2025-10-01 and the `max_value` of 2025-10-01, inclusively.
2025-10-01 18:58:17,645 - __main__ - INFO - All required files validated successfully
2025-10-01 18:58:17,651 - __main__ - WARNING - Error with date input: The default `value` of [datetime.date(2025, 9, 1), datetime.date(2025, 10, 1)] must lie between the `min_value` of 2025-10-01 and the `max_value` of 2025-10-01, inclusively.
2025-10-01 18:58:17,939 - __main__ - INFO - All required files validated successfully
2025-10-01 18:58:17,943 - __main__ - WARNING - Error with date input: The default `value` of [datetime.date(2025, 9, 1), datetime.date(2025, 10, 1)] must lie between the `min_value` of 2025-10-01 and the `max_value` of 2025-10-01, inclusively.
2025-10-01 18:58:18,234 - __main__ - INFO - All required files validated successfully
2025-10-01 18:58:18,238 - __main__ - WARNING - Error with date input: The default `value` of [datetime.date(2025, 9, 1), datetime.date(2025, 10, 1)] must lie between the `min_value` of 2025-10-01 and the `max_value` of 2025-10-01, inclusively.
2025-10-01 18:58:18,691 - __main__ - INFO - All required files validated successfully
2025-10-01 18:58:18,695 - __main__ - WARNING - Error with date input: The default `value` of [datetime.date(2025, 9, 1), datetime.date(2025, 10, 1)] must lie between the `min_value` of 2025-10-01 and the `max_value` of 2025-10-01, inclusively.
2025-10-01 18:58:19,075 - __main__ - INFO - All required files validated successfully
2025-10-01 18:58:19,086 - __main__ - WARNING - Error with date input: The default `value` of [datetime.date(2025, 9, 1), datetime.date(2025, 10, 1)] must lie between the `min_value` of 2025-10-01 and the `max_value` of 2025-10-01, inclusively.
2025-10-01 18:58:19,374 - __main__ - INFO - All required files validated successfully
2025-10-01 18:58:19,379 - __main__ - WARNING - Error with date input: The default `value` of [datetime.date(2025, 9, 1), datetime.date(2025, 10, 1)] must lie between the `min_value` of 2025-10-01 and the `max_value` of 2025-10-01, inclusively.
2025-10-01 18:58:19,671 - __main__ - INFO - All required files validated successfully
2025-10-01 18:58:19,676 - __main__ - WARNING - Error with date input: The default `value` of [datetime.date(2025, 9, 1), datetime.date(2025, 10, 1)] must lie between the `min_value` of 2025-10-01 and the `max_value` of 2025-10-01, inclusively.
2025-10-01 18:58:19,948 - __main__ - INFO - All required files validated successfully
2025-10-01 18:58:19,953 - __main__ - WARNING - Error with date input: The default `value` of [datetime.date(2025, 9, 1), datetime.date(2025, 10, 1)] must lie between the `min_value` of 2025-10-01 and the `max_value` of 2025-10-01, inclusively.
2025-10-01 18:58:20,262 - __main__ - INFO - All required files validated successfully
2025-10-01 18:58:20,267 - __main__ - WARNING - Error with date input: The default `value` of [datetime.date(2025, 9, 1), datetime.date(2025, 10, 1)] must lie between the `min_value` of 2025-10-01 and the `max_value` of 2025-10-01, inclusively.
2025-10-01 18:58:20,493 - __main__ - INFO - All required files validated successfully
2025-10-01 18:58:20,497 - __main__ - WARNING - Error with date input: The default `value` of [datetime.date(2025, 9, 1), datetime.date(2025, 10, 1)] must lie between the `min_value` of 2025-10-01 and the `max_value` of 2025-10-01, inclusively.
2025-10-01 18:58:20,733 - __main__ - INFO - All required files validated successfully
2025-10-01 18:58:20,738 - __main__ - WARNING - Error with date input: The default `value` of [datetime.date(2025, 9, 1), datetime.date(2025, 10, 1)] must lie between the `min_value` of 2025-10-01 and the `max_value` of 2025-10-01, inclusively.
2025-10-01 18:58:21,013 - __main__ - INFO - All required files validated successfully
2025-10-01 18:58:21,019 - __main__ - WARNING - Error with date input: The default `value` of [datetime.date(2025, 9, 1), datetime.date(2025, 10, 1)] must lie between the `min_value` of 2025-10-01 and the `max_value` of 2025-10-01, inclusively.
2025-10-01 18:58:21,309 - __main__ - INFO - All required files validated successfully
2025-10-01 18:58:21,313 - __main__ - WARNING - Error with date input: The default `value` of [datetime.date(2025, 9, 1), datetime.date(2025, 10, 1)] must lie between the `min_value` of 2025-10-01 and the `max_value` of 2025-10-01, inclusively.
2025-10-01 18:58:21,538 - __main__ - INFO - All required files validated successfully
2025-10-01 18:58:21,541 - __main__ - WARNING - Error with date input: The default `value` of [datetime.date(2025, 9, 1), datetime.date(2025, 10, 1)] must lie between the `min_value` of 2025-10-01 and the `max_value` of 2025-10-01, inclusively.
2025-10-01 18:58:21,781 - __main__ - INFO - All required files validated successfully
2025-10-01 18:58:21,786 - __main__ - WARNING - Error with date input: The default `value` of [datetime.date(2025, 9, 1), datetime.date(2025, 10, 1)] must lie between the `min_value` of 2025-10-01 and the `max_value` of 2025-10-01, inclusively.
2025-10-01 18:58:22,024 - __main__ - INFO - All required files validated successfully
2025-10-01 18:58:22,028 - __main__ - WARNING - Error with date input: The default `value` of [datetime.date(2025, 9, 1), datetime.date(2025, 10, 1)] must lie between the `min_value` of 2025-10-01 and the `max_value` of 2025-10-01, inclusively.
2025-10-01 18:58:22,270 - __main__ - INFO - All required files validated successfully
2025-10-01 18:58:22,274 - __main__ - WARNING - Error with date input: The default `value` of [datetime.date(2025, 9, 1), datetime.date(2025, 10, 1)] must lie between the `min_value` of 2025-10-01 and the `max_value` of 2025-10-01, inclusively.
2025-10-01 18:58:22,505 - __main__ - INFO - All required files validated successfully
2025-10-01 18:58:22,509 - __main__ - WARNING - Error with date input: The default `value` of [datetime.date(2025, 9, 1), datetime.date(2025, 10, 1)] must lie between the `min_value` of 2025-10-01 and the `max_value` of 2025-10-01, inclusively.
2025-10-01 18:58:22,847 - __main__ - INFO - All required files validated successfully
2025-10-01 18:58:22,852 - __main__ - WARNING - Error with date input: The default `value` of [datetime.date(2025, 9, 1), datetime.date(2025, 10, 1)] must lie between the `min_value` of 2025-10-01 and the `max_value` of 2025-10-01, inclusively.
2025-10-01 18:58:23,135 - __main__ - INFO - All required files validated successfully
2025-10-01 18:58:23,139 - __main__ - WARNING - Error with date input: The default `value` of [datetime.date(2025, 9, 1), datetime.date(2025, 10, 1)] must lie between the `min_value` of 2025-10-01 and the `max_value` of 2025-10-01, inclusively.
2025-10-01 18:58:23,442 - __main__ - INFO - All required files validated successfully
2025-10-01 18:58:23,446 - __main__ - WARNING - Error with date input: The default `value` of [datetime.date(2025, 9, 1), datetime.date(2025, 10, 1)] must lie between the `min_value` of 2025-10-01 and the `max_value` of 2025-10-01, inclusively.
2025-10-01 18:58:23,740 - __main__ - INFO - All required files validated successfully
2025-10-01 18:58:23,745 - __main__ - WARNING - Error with date input: The default `value` of [datetime.date(2025, 9, 1), datetime.date(2025, 10, 1)] must lie between the `min_value` of 2025-10-01 and the `max_value` of 2025-10-01, inclusively.
2025-10-01 18:58:24,091 - __main__ - INFO - All required files validated successfully
2025-10-01 18:58:24,097 - __main__ - WARNING - Error with date input: The default `value` of [datetime.date(2025, 9, 1), datetime.date(2025, 10, 1)] must lie between the `min_value` of 2025-10-01 and the `max_value` of 2025-10-01, inclusively.
2025-10-01 18:58:24,414 - __main__ - INFO - All required files validated successfully
2025-10-01 18:58:24,418 - __main__ - WARNING - Error with date input: The default `value` of [datetime.date(2025, 9, 1), datetime.date(2025, 10, 1)] must lie between the `min_value` of 2025-10-01 and the `max_value` of 2025-10-01, inclusively.
2025-10-01 18:58:24,745 - __main__ - INFO - All required files validated successfully
2025-10-01 18:58:24,748 - __main__ - WARNING - Error with date input: The default `value` of [datetime.date(2025, 9, 1), datetime.date(2025, 10, 1)] must lie between the `min_value` of 2025-10-01 and the `max_value` of 2025-10-01, inclusively.
2025-10-01 18:58:25,064 - __main__ - INFO - All required files validated successfully
2025-10-01 18:58:25,068 - __main__ - WARNING - Error with date input: The default `value` of [datetime.date(2025, 9, 1), datetime.date(2025, 10, 1)] must lie between the `min_value` of 2025-10-01 and the `max_value` of 2025-10-01, inclusively.
2025-10-01 18:58:25,374 - __main__ - INFO - All required files validated successfully
2025-10-01 18:58:25,379 - __main__ - WARNING - Error with date input: The default `value` of [datetime.date(2025, 9, 1), datetime.date(2025, 10, 1)] must lie between the `min_value` of 2025-10-01 and the `max_value` of 2025-10-01, inclusively.
2025-10-01 18:58:25,699 - __main__ - INFO - All required files validated successfully
2025-10-01 18:58:25,703 - __main__ - WARNING - Error with date input: The default `value` of [datetime.date(2025, 9, 1), datetime.date(2025, 10, 1)] must lie between the `min_value` of 2025-10-01 and the `max_value` of 2025-10-01, inclusively.
2025-10-01 18:58:26,000 - __main__ - INFO - All required files validated successfully
2025-10-01 18:58:26,004 - __main__ - WARNING - Error with date input: The default `value` of [datetime.date(2025, 9, 1), datetime.date(2025, 10, 1)] must lie between the `min_value` of 2025-10-01 and the `max_value` of 2025-10-01, inclusively.
2025-10-01 18:58:26,308 - __main__ - INFO - All required files validated successfully
2025-10-01 18:58:26,313 - __main__ - WARNING - Error with date input: The default `value` of [datetime.date(2025, 9, 1), datetime.date(2025, 10, 1)] must lie between the `min_value` of 2025-10-01 and the `max_value` of 2025-10-01, inclusively.
2025-10-01 18:58:26,596 - __main__ - INFO - All required files validated successfully
2025-10-01 18:58:26,601 - __main__ - WARNING - Error with date input: The default `value` of [datetime.date(2025, 9, 1), datetime.date(2025, 10, 1)] must lie between the `min_value` of 2025-10-01 and the `max_value` of 2025-10-01, inclusively.
2025-10-01 18:58:26,911 - __main__ - INFO - All required files validated successfully
2025-10-01 18:58:26,916 - __main__ - WARNING - Error with date input: The default `value` of [datetime.date(2025, 9, 1), datetime.date(2025, 10, 1)] must lie between the `min_value` of 2025-10-01 and the `max_value` of 2025-10-01, inclusively.
2025-10-01 18:58:27,234 - __main__ - INFO - All required files validated successfully
2025-10-01 18:58:27,239 - __main__ - WARNING - Error with date input: The default `value` of [datetime.date(2025, 9, 1), datetime.date(2025, 10, 1)] must lie between the `min_value` of 2025-10-01 and the `max_value` of 2025-10-01, inclusively.
2025-10-01 18:58:27,704 - __main__ - INFO - All required files validated successfully
2025-10-01 18:58:27,709 - __main__ - WARNING - Error with date input: The default `value` of [datetime.date(2025, 9, 1), datetime.date(2025, 10, 1)] must lie between the `min_value` of 2025-10-01 and the `max_value` of 2025-10-01, inclusively.
2025-10-01 18:58:28,125 - __main__ - INFO - All required files validated successfully
2025-10-01 18:58:28,130 - __main__ - WARNING - Error with date input: The default `value` of [datetime.date(2025, 9, 1), datetime.date(2025, 10, 1)] must lie between the `min_value` of 2025-10-01 and the `max_value` of 2025-10-01, inclusively.
2025-10-01 18:58:28,431 - __main__ - INFO - All required files validated successfully
2025-10-01 18:58:28,435 - __main__ - WARNING - Error with date input: The default `value` of [datetime.date(2025, 9, 1), datetime.date(2025, 10, 1)] must lie between the `min_value` of 2025-10-01 and the `max_value` of 2025-10-01, inclusively.
2025-10-01 18:58:28,752 - __main__ - INFO - All required files validated successfully
2025-10-01 18:58:28,756 - __main__ - WARNING - Error with date input: The default `value` of [datetime.date(2025, 9, 1), datetime.date(2025, 10, 1)] must lie between the `min_value` of 2025-10-01 and the `max_value` of 2025-10-01, inclusively.
2025-10-01 18:58:29,048 - __main__ - INFO - All required files validated successfully
2025-10-01 18:58:29,052 - __main__ - WARNING - Error with date input: The default `value` of [datetime.date(2025, 9, 1), datetime.date(2025, 10, 1)] must lie between the `min_value` of 2025-10-01 and the `max_value` of 2025-10-01, inclusively.
2025-10-01 18:58:29,361 - __main__ - INFO - All required files validated successfully
2025-10-01 18:58:29,367 - __main__ - WARNING - Error with date input: The default `value` of [datetime.date(2025, 9, 1), datetime.date(2025, 10, 1)] must lie between the `min_value` of 2025-10-01 and the `max_value` of 2025-10-01, inclusively.
2025-10-01 18:58:29,673 - __main__ - INFO - All required files validated successfully
2025-10-01 18:58:29,678 - __main__ - WARNING - Error with date input: The default `value` of [datetime.date(2025, 9, 1), datetime.date(2025, 10, 1)] must lie between the `min_value` of 2025-10-01 and the `max_value` of 2025-10-01, inclusively.
2025-10-01 18:58:29,984 - __main__ - INFO - All required files validated successfully
2025-10-01 18:58:29,987 - __main__ - WARNING - Error with date input: The default `value` of [datetime.date(2025, 9, 1), datetime.date(2025, 10, 1)] must lie between the `min_value` of 2025-10-01 and the `max_value` of 2025-10-01, inclusively.
2025-10-01 18:58:30,298 - __main__ - INFO - All required files validated successfully
2025-10-01 18:58:30,302 - __main__ - WARNING - Error with date input: The default `value` of [datetime.date(2025, 9, 1), datetime.date(2025, 10, 1)] must lie between the `min_value` of 2025-10-01 and the `max_value` of 2025-10-01, inclusively.
2025-10-01 18:58:30,612 - __main__ - INFO - All required files validated successfully
2025-10-01 18:58:30,616 - __main__ - WARNING - Error with date input: The default `value` of [datetime.date(2025, 9, 1), datetime.date(2025, 10, 1)] must lie between the `min_value` of 2025-10-01 and the `max_value` of 2025-10-01, inclusively.
2025-10-01 18:58:30,977 - __main__ - INFO - All required files validated successfully
2025-10-01 18:58:30,982 - __main__ - WARNING - Error with date input: The default `value` of [datetime.date(2025, 9, 1), datetime.date(2025, 10, 1)] must lie between the `min_value` of 2025-10-01 and the `max_value` of 2025-10-01, inclusively.
2025-10-01 18:58:31,268 - __main__ - INFO - All required files validated successfully
2025-10-01 18:58:31,272 - __main__ - WARNING - Error with date input: The default `value` of [datetime.date(2025, 9, 1), datetime.date(2025, 10, 1)] must lie between the `min_value` of 2025-10-01 and the `max_value` of 2025-10-01, inclusively.
2025-10-01 18:58:31,573 - __main__ - INFO - All required files validated successfully
2025-10-01 18:58:31,578 - __main__ - WARNING - Error with date input: The default `value` of [datetime.date(2025, 9, 1), datetime.date(2025, 10, 1)] must lie between the `min_value` of 2025-10-01 and the `max_value` of 2025-10-01, inclusively.
2025-10-01 18:58:31,880 - __main__ - INFO - All required files validated successfully
2025-10-01 18:58:31,884 - __main__ - WARNING - Error with date input: The default `value` of [datetime.date(2025, 9, 1), datetime.date(2025, 10, 1)] must lie between the `min_value` of 2025-10-01 and the `max_value` of 2025-10-01, inclusively.
2025-10-01 18:58:32,185 - __main__ - INFO - All required files validated successfully
2025-10-01 18:58:32,189 - __main__ - WARNING - Error with date input: The default `value` of [datetime.date(2025, 9, 1), datetime.date(2025, 10, 1)] must lie between the `min_value` of 2025-10-01 and the `max_value` of 2025-10-01, inclusively.
2025-10-01 18:58:32,478 - __main__ - INFO - All required files validated successfully
2025-10-01 18:58:32,482 - __main__ - WARNING - Error with date input: The default `value` of [datetime.date(2025, 9, 1), datetime.date(2025, 10, 1)] must lie between the `min_value` of 2025-10-01 and the `max_value` of 2025-10-01, inclusively.
2025-10-01 18:58:32,766 - __main__ - INFO - All required files validated successfully
2025-10-01 18:58:32,772 - __main__ - WARNING - Error with date input: The default `value` of [datetime.date(2025, 9, 1), datetime.date(2025, 10, 1)] must lie between the `min_value` of 2025-10-01 and the `max_value` of 2025-10-01, inclusively.
2025-10-01 18:58:33,063 - __main__ - INFO - All required files validated successfully
2025-10-01 18:58:33,067 - __main__ - WARNING - Error with date input: The default `value` of [datetime.date(2025, 9, 1), datetime.date(2025, 10, 1)] must lie between the `min_value` of 2025-10-01 and the `max_value` of 2025-10-01, inclusively.
2025-10-01 18:58:33,364 - __main__ - INFO - All required files validated successfully
2025-10-01 18:58:33,368 - __main__ - WARNING - Error with date input: The default `value` of [datetime.date(2025, 9, 1), datetime.date(2025, 10, 1)] must lie between the `min_value` of 2025-10-01 and the `max_value` of 2025-10-01, inclusively.
2025-10-01 18:58:33,666 - __main__ - INFO - All required files validated successfully
2025-10-01 18:58:33,670 - __main__ - WARNING - Error with date input: The default `value` of [datetime.date(2025, 9, 1), datetime.date(2025, 10, 1)] must lie between the `min_value` of 2025-10-01 and the `max_value` of 2025-10-01, inclusively.
2025-10-01 18:58:33,965 - __main__ - INFO - All required files validated successfully
2025-10-01 18:58:33,969 - __main__ - WARNING - Error with date input: The default `value` of [datetime.date(2025, 9, 1), datetime.date(2025, 10, 1)] must lie between the `min_value` of 2025-10-01 and the `max_value` of 2025-10-01, inclusively.
2025-10-01 18:58:34,275 - __main__ - INFO - All required files validated successfully
2025-10-01 18:58:34,279 - __main__ - WARNING - Error with date input: The default `value` of [datetime.date(2025, 9, 1), datetime.date(2025, 10, 1)] must lie between the `min_value` of 2025-10-01 and the `max_value` of 2025-10-01, inclusively.
2025-10-01 18:58:34,598 - __main__ - INFO - All required files validated successfully
2025-10-01 18:58:34,603 - __main__ - WARNING - Error with date input: The default `value` of [datetime.date(2025, 9, 1), datetime.date(2025, 10, 1)] must lie between the `min_value` of 2025-10-01 and the `max_value` of 2025-10-01, inclusively.
2025-10-01 18:58:34,964 - __main__ - INFO - All required files validated successfully
2025-10-01 18:58:34,968 - __main__ - WARNING - Error with date input: The default `value` of [datetime.date(2025, 9, 1), datetime.date(2025, 10, 1)] must lie between the `min_value` of 2025-10-01 and the `max_value` of 2025-10-01, inclusively.
2025-10-01 18:58:35,281 - __main__ - INFO - All required files validated successfully
2025-10-01 18:58:35,285 - __main__ - WARNING - Error with date input: The default `value` of [datetime.date(2025, 9, 1), datetime.date(2025, 10, 1)] must lie between the `min_value` of 2025-10-01 and the `max_value` of 2025-10-01, inclusively.
2025-10-01 18:58:35,564 - __main__ - INFO - All required files validated successfully
2025-10-01 18:58:35,583 - __main__ - WARNING - Error with date input: The default `value` of [datetime.date(2025, 9, 1), datetime.date(2025, 10, 1)] must lie between the `min_value` of 2025-10-01 and the `max_value` of 2025-10-01, inclusively.
2025-10-01 18:58:35,906 - __main__ - INFO - All required files validated successfully
2025-10-01 18:58:35,911 - __main__ - WARNING - Error with date input: The default `value` of [datetime.date(2025, 9, 1), datetime.date(2025, 10, 1)] must lie between the `min_value` of 2025-10-01 and the `max_value` of 2025-10-01, inclusively.
2025-10-01 18:58:36,222 - __main__ - INFO - All required files validated successfully
2025-10-01 18:58:36,227 - __main__ - WARNING - Error with date input: The default `value` of [datetime.date(2025, 9, 1), datetime.date(2025, 10, 1)] must lie between the `min_value` of 2025-10-01 and the `max_value` of 2025-10-01, inclusively.
2025-10-01 18:58:36,572 - __main__ - INFO - All required files validated successfully
2025-10-01 18:58:36,578 - __main__ - WARNING - Error with date input: The default `value` of [datetime.date(2025, 9, 1), datetime.date(2025, 10, 1)] must lie between the `min_value` of 2025-10-01 and the `max_value` of 2025-10-01, inclusively.
2025-10-01 18:58:36,900 - __main__ - INFO - All required files validated successfully
2025-10-01 18:58:36,903 - __main__ - WARNING - Error with date input: The default `value` of [datetime.date(2025, 9, 1), datetime.date(2025, 10, 1)] must lie between the `min_value` of 2025-10-01 and the `max_value` of 2025-10-01, inclusively.
2025-10-01 18:58:37,208 - __main__ - INFO - All required files validated successfully
2025-10-01 18:58:37,213 - __main__ - WARNING - Error with date input: The default `value` of [datetime.date(2025, 9, 1), datetime.date(2025, 10, 1)] must lie between the `min_value` of 2025-10-01 and the `max_value` of 2025-10-01, inclusively.
2025-10-01 18:58:37,532 - __main__ - INFO - All required files validated successfully
2025-10-01 18:58:37,536 - __main__ - WARNING - Error with date input: The default `value` of [datetime.date(2025, 9, 1), datetime.date(2025, 10, 1)] must lie between the `min_value` of 2025-10-01 and the `max_value` of 2025-10-01, inclusively.
2025-10-01 18:58:37,872 - __main__ - INFO - All required files validated successfully
2025-10-01 18:58:37,879 - __main__ - WARNING - Error with date input: The default `value` of [datetime.date(2025, 9, 1), datetime.date(2025, 10, 1)] must lie between the `min_value` of 2025-10-01 and the `max_value` of 2025-10-01, inclusively.
2025-10-01 18:58:38,199 - __main__ - INFO - All required files validated successfully
2025-10-01 18:58:38,203 - __main__ - WARNING - Error with date input: The default `value` of [datetime.date(2025, 9, 1), datetime.date(2025, 10, 1)] must lie between the `min_value` of 2025-10-01 and the `max_value` of 2025-10-01, inclusively.
2025-10-01 18:58:38,537 - __main__ - INFO - All required files validated successfully
2025-10-01 18:58:38,542 - __main__ - WARNING - Error with date input: The default `value` of [datetime.date(2025, 9, 1), datetime.date(2025, 10, 1)] must lie between the `min_value` of 2025-10-01 and the `max_value` of 2025-10-01, inclusively.
2025-10-01 18:58:38,924 - __main__ - INFO - All required files validated successfully
2025-10-01 18:58:38,929 - __main__ - WARNING - Error with date input: The default `value` of [datetime.date(2025, 9, 1), datetime.date(2025, 10, 1)] must lie between the `min_value` of 2025-10-01 and the `max_value` of 2025-10-01, inclusively.
2025-10-01 18:58:39,209 - __main__ - INFO - All required files validated successfully
2025-10-01 18:58:39,213 - __main__ - WARNING - Error with date input: The default `value` of [datetime.date(2025, 9, 1), datetime.date(2025, 10, 1)] must lie between the `min_value` of 2025-10-01 and the `max_value` of 2025-10-01, inclusively.
2025-10-01 18:58:39,518 - __main__ - INFO - All required files validated successfully
2025-10-01 18:58:39,522 - __main__ - WARNING - Error with date input: The default `value` of [datetime.date(2025, 9, 1), datetime.date(2025, 10, 1)] must lie between the `min_value` of 2025-10-01 and the `max_value` of 2025-10-01, inclusively.
2025-10-01 18:58:39,823 - __main__ - INFO - All required files validated successfully
2025-10-01 18:58:39,828 - __main__ - WARNING - Error with date input: The default `value` of [datetime.date(2025, 9, 1), datetime.date(2025, 10, 1)] must lie between the `min_value` of 2025-10-01 and the `max_value` of 2025-10-01, inclusively.
2025-10-01 18:58:40,139 - __main__ - INFO - All required files validated successfully
2025-10-01 18:58:40,144 - __main__ - WARNING - Error with date input: The default `value` of [datetime.date(2025, 9, 1), datetime.date(2025, 10, 1)] must lie between the `min_value` of 2025-10-01 and the `max_value` of 2025-10-01, inclusively.
2025-10-01 18:58:40,446 - __main__ - INFO - All required files validated successfully
2025-10-01 18:58:40,450 - __main__ - WARNING - Error with date input: The default `value` of [datetime.date(2025, 9, 1), datetime.date(2025, 10, 1)] must lie between the `min_value` of 2025-10-01 and the `max_value` of 2025-10-01, inclusively.
2025-10-01 18:58:40,747 - __main__ - INFO - All required files validated successfully
2025-10-01 18:58:40,751 - __main__ - WARNING - Error with date input: The default `value` of [datetime.date(2025, 9, 1), datetime.date(2025, 10, 1)] must lie between the `min_value` of 2025-10-01 and the `max_value` of 2025-10-01, inclusively.
2025-10-01 18:58:41,034 - __main__ - INFO - All required files validated successfully
2025-10-01 18:58:41,039 - __main__ - WARNING - Error with date input: The default `value` of [datetime.date(2025, 9, 1), datetime.date(2025, 10, 1)] must lie between the `min_value` of 2025-10-01 and the `max_value` of 2025-10-01, inclusively.
2025-10-01 18:58:41,336 - __main__ - INFO - All required files validated successfully
2025-10-01 18:58:41,341 - __main__ - WARNING - Error with date input: The default `value` of [datetime.date(2025, 9, 1), datetime.date(2025, 10, 1)] must lie between the `min_value` of 2025-10-01 and the `max_value` of 2025-10-01, inclusively.
2025-10-01 18:58:41,648 - __main__ - INFO - All required files validated successfully
2025-10-01 18:58:41,652 - __main__ - WARNING - Error with date input: The default `value` of [datetime.date(2025, 9, 1), datetime.date(2025, 10, 1)] must lie between the `min_value` of 2025-10-01 and the `max_value` of 2025-10-01, inclusively.
2025-10-01 18:58:41,925 - __main__ - INFO - All required files validated successfully
2025-10-01 18:58:41,934 - __main__ - WARNING - Error with date input: The default `value` of [datetime.date(2025, 9, 1), datetime.date(2025, 10, 1)] must lie between the `min_value` of 2025-10-01 and the `max_value` of 2025-10-01, inclusively.
2025-10-01 18:58:42,266 - __main__ - INFO - All required files validated successfully
2025-10-01 18:58:42,271 - __main__ - WARNING - Error with date input: The default `value` of [datetime.date(2025, 9, 1), datetime.date(2025, 10, 1)] must lie between the `min_value` of 2025-10-01 and the `max_value` of 2025-10-01, inclusively.
2025-10-01 18:58:42,582 - __main__ - INFO - All required files validated successfully
2025-10-01 18:58:42,587 - __main__ - WARNING - Error with date input: The default `value` of [datetime.date(2025, 9, 1), datetime.date(2025, 10, 1)] must lie between the `min_value` of 2025-10-01 and the `max_value` of 2025-10-01, inclusively.
2025-10-01 18:58:42,909 - __main__ - INFO - All required files validated successfully
2025-10-01 18:58:42,913 - __main__ - WARNING - Error with date input: The default `value` of [datetime.date(2025, 9, 1), datetime.date(2025, 10, 1)] must lie between the `min_value` of 2025-10-01 and the `max_value` of 2025-10-01, inclusively.
2025-10-01 18:58:43,221 - __main__ - INFO - All required files validated successfully
2025-10-01 18:58:43,226 - __main__ - WARNING - Error with date input: The default `value` of [datetime.date(2025, 9, 1), datetime.date(2025, 10, 1)] must lie between the `min_value` of 2025-10-01 and the `max_value` of 2025-10-01, inclusively.
2025-10-01 18:58:43,543 - __main__ - INFO - All required files validated successfully
2025-10-01 18:58:43,548 - __main__ - WARNING - Error with date input: The default `value` of [datetime.date(2025, 9, 1), datetime.date(2025, 10, 1)] must lie between the `min_value` of 2025-10-01 and the `max_value` of 2025-10-01, inclusively.
2025-10-01 18:58:43,873 - __main__ - INFO - All required files validated successfully
2025-10-01 18:58:43,878 - __main__ - WARNING - Error with date input: The default `value` of [datetime.date(2025, 9, 1), datetime.date(2025, 10, 1)] must lie between the `min_value` of 2025-10-01 and the `max_value` of 2025-10-01, inclusively.
2025-10-01 18:58:44,201 - __main__ - INFO - All required files validated successfully
2025-10-01 18:58:44,205 - __main__ - WARNING - Error with date input: The default `value` of [datetime.date(2025, 9, 1), datetime.date(2025, 10, 1)] must lie between the `min_value` of 2025-10-01 and the `max_value` of 2025-10-01, inclusively.
2025-10-01 18:58:44,512 - __main__ - INFO - All required files validated successfully
2025-10-01 18:58:44,516 - __main__ - WARNING - Error with date input: The default `value` of [datetime.date(2025, 9, 1), datetime.date(2025, 10, 1)] must lie between the `min_value` of 2025-10-01 and the `max_value` of 2025-10-01, inclusively.
2025-10-01 18:58:44,804 - __main__ - INFO - All required files validated successfully
2025-10-01 18:58:44,809 - __main__ - WARNING - Error with date input: The default `value` of [datetime.date(2025, 9, 1), datetime.date(2025, 10, 1)] must lie between the `min_value` of 2025-10-01 and the `max_value` of 2025-10-01, inclusively.
2025-10-01 18:58:45,114 - __main__ - INFO - All required files validated successfully
2025-10-01 18:58:45,118 - __main__ - WARNING - Error with date input: The default `value` of [datetime.date(2025, 9, 1), datetime.date(2025, 10, 1)] must lie between the `min_value` of 2025-10-01 and the `max_value` of 2025-10-01, inclusively.
2025-10-01 18:58:45,436 - __main__ - INFO - All required files validated successfully
2025-10-01 18:58:45,441 - __main__ - WARNING - Error with date input: The default `value` of [datetime.date(2025, 9, 1), datetime.date(2025, 10, 1)] must lie between the `min_value` of 2025-10-01 and the `max_value` of 2025-10-01, inclusively.
2025-10-01 18:58:45,732 - __main__ - INFO - All required files validated successfully
2025-10-01 18:58:45,736 - __main__ - WARNING - Error with date input: The default `value` of [datetime.date(2025, 9, 1), datetime.date(2025, 10, 1)] must lie between the `min_value` of 2025-10-01 and the `max_value` of 2025-10-01, inclusively.
2025-10-01 18:58:46,035 - __main__ - INFO - All required files validated successfully
2025-10-01 18:58:46,039 - __main__ - WARNING - Error with date input: The default `value` of [datetime.date(2025, 9, 1), datetime.date(2025, 10, 1)] must lie between the `min_value` of 2025-10-01 and the `max_value` of 2025-10-01, inclusively.
2025-10-01 18:58:46,359 - __main__ - INFO - All required files validated successfully
2025-10-01 18:58:46,363 - __main__ - WARNING - Error with date input: The default `value` of [datetime.date(2025, 9, 1), datetime.date(2025, 10, 1)] must lie between the `min_value` of 2025-10-01 and the `max_value` of 2025-10-01, inclusively.
2025-10-01 18:58:46,688 - __main__ - INFO - All required files validated successfully
2025-10-01 18:58:46,694 - __main__ - WARNING - Error with date input: The default `value` of [datetime.date(2025, 9, 1), datetime.date(2025, 10, 1)] must lie between the `min_value` of 2025-10-01 and the `max_value` of 2025-10-01, inclusively.
2025-10-01 18:58:47,019 - __main__ - INFO - All required files validated successfully
2025-10-01 18:58:47,024 - __main__ - WARNING - Error with date input: The default `value` of [datetime.date(2025, 9, 1), datetime.date(2025, 10, 1)] must lie between the `min_value` of 2025-10-01 and the `max_value` of 2025-10-01, inclusively.
2025-10-01 18:58:47,342 - __main__ - INFO - All required files validated successfully
2025-10-01 18:58:47,346 - __main__ - WARNING - Error with date input: The default `value` of [datetime.date(2025, 9, 1), datetime.date(2025, 10, 1)] must lie between the `min_value` of 2025-10-01 and the `max_value` of 2025-10-01, inclusively.
2025-10-01 18:58:47,678 - __main__ - INFO - All required files validated successfully
2025-10-01 18:58:47,682 - __main__ - WARNING - Error with date input: The default `value` of [datetime.date(2025, 9, 1), datetime.date(2025, 10, 1)] must lie between the `min_value` of 2025-10-01 and the `max_value` of 2025-10-01, inclusively.
2025-10-01 18:58:48,016 - __main__ - INFO - All required files validated successfully
2025-10-01 18:58:48,022 - __main__ - WARNING - Error with date input: The default `value` of [datetime.date(2025, 9, 1), datetime.date(2025, 10, 1)] must lie between the `min_value` of 2025-10-01 and the `max_value` of 2025-10-01, inclusively.
2025-10-01 18:58:48,363 - __main__ - INFO - All required files validated successfully
2025-10-01 18:58:48,375 - __main__ - WARNING - Error with date input: The default `value` of [datetime.date(2025, 9, 1), datetime.date(2025, 10, 1)] must lie between the `min_value` of 2025-10-01 and the `max_value` of 2025-10-01, inclusively.
2025-10-01 18:58:48,703 - __main__ - INFO - All required files validated successfully
2025-10-01 18:58:48,708 - __main__ - WARNING - Error with date input: The default `value` of [datetime.date(2025, 9, 1), datetime.date(2025, 10, 1)] must lie between the `min_value` of 2025-10-01 and the `max_value` of 2025-10-01, inclusively.
2025-10-01 18:58:49,038 - __main__ - INFO - All required files validated successfully
2025-10-01 18:58:49,042 - __main__ - WARNING - Error with date input: The default `value` of [datetime.date(2025, 9, 1), datetime.date(2025, 10, 1)] must lie between the `min_value` of 2025-10-01 and the `max_value` of 2025-10-01, inclusively.
2025-10-01 18:58:49,362 - __main__ - INFO - All required files validated successfully
2025-10-01 18:58:49,366 - __main__ - WARNING - Error with date input: The default `value` of [datetime.date(2025, 9, 1), datetime.date(2025, 10, 1)] must lie between the `min_value` of 2025-10-01 and the `max_value` of 2025-10-01, inclusively.
2025-10-01 18:58:49,708 - __main__ - INFO - All required files validated successfully
2025-10-01 18:58:49,714 - __main__ - WARNING - Error with date input: The default `value` of [datetime.date(2025, 9, 1), datetime.date(2025, 10, 1)] must lie between the `min_value` of 2025-10-01 and the `max_value` of 2025-10-01, inclusively.
2025-10-01 18:58:50,047 - __main__ - INFO - All required files validated successfully
2025-10-01 18:58:50,054 - __main__ - WARNING - Error with date input: The default `value` of [datetime.date(2025, 9, 1), datetime.date(2025, 10, 1)] must lie between the `min_value` of 2025-10-01 and the `max_value` of 2025-10-01, inclusively.
2025-10-01 18:58:50,429 - __main__ - INFO - All required files validated successfully
2025-10-01 18:58:50,433 - __main__ - WARNING - Error with date input: The default `value` of [datetime.date(2025, 9, 1), datetime.date(2025, 10, 1)] must lie between the `min_value` of 2025-10-01 and the `max_value` of 2025-10-01, inclusively.
2025-10-01 18:58:50,728 - __main__ - INFO - All required files validated successfully
2025-10-01 18:58:50,732 - __main__ - WARNING - Error with date input: The default `value` of [datetime.date(2025, 9, 1), datetime.date(2025, 10, 1)] must lie between the `min_value` of 2025-10-01 and the `max_value` of 2025-10-01, inclusively.
2025-10-01 18:58:51,042 - __main__ - INFO - All required files validated successfully
2025-10-01 18:58:51,046 - __main__ - WARNING - Error with date input: The default `value` of [datetime.date(2025, 9, 1), datetime.date(2025, 10, 1)] must lie between the `min_value` of 2025-10-01 and the `max_value` of 2025-10-01, inclusively.
2025-10-01 18:58:51,378 - __main__ - INFO - All required files validated successfully
2025-10-01 18:58:51,382 - __main__ - WARNING - Error with date input: The default `value` of [datetime.date(2025, 9, 1), datetime.date(2025, 10, 1)] must lie between the `min_value` of 2025-10-01 and the `max_value` of 2025-10-01, inclusively.
2025-10-01 18:58:51,708 - __main__ - INFO - All required files validated successfully
2025-10-01 18:58:51,712 - __main__ - WARNING - Error with date input: The default `value` of [datetime.date(2025, 9, 1), datetime.date(2025, 10, 1)] must lie between the `min_value` of 2025-10-01 and the `max_value` of 2025-10-01, inclusively.
2025-10-01 18:58:52,027 - __main__ - INFO - All required files validated successfully
2025-10-01 18:58:52,031 - __main__ - WARNING - Error with date input: The default `value` of [datetime.date(2025, 9, 1), datetime.date(2025, 10, 1)] must lie between the `min_value` of 2025-10-01 and the `max_value` of 2025-10-01, inclusively.
2025-10-01 18:58:52,362 - __main__ - INFO - All required files validated successfully
2025-10-01 18:58:52,367 - __main__ - WARNING - Error with date input: The default `value` of [datetime.date(2025, 9, 1), datetime.date(2025, 10, 1)] must lie between the `min_value` of 2025-10-01 and the `max_value` of 2025-10-01, inclusively.
2025-10-01 18:58:52,690 - __main__ - INFO - All required files validated successfully
2025-10-01 18:58:52,695 - __main__ - WARNING - Error with date input: The default `value` of [datetime.date(2025, 9, 1), datetime.date(2025, 10, 1)] must lie between the `min_value` of 2025-10-01 and the `max_value` of 2025-10-01, inclusively.
2025-10-01 18:58:53,043 - __main__ - INFO - All required files validated successfully
2025-10-01 18:58:53,047 - __main__ - WARNING - Error with date input: The default `value` of [datetime.date(2025, 9, 1), datetime.date(2025, 10, 1)] must lie between the `min_value` of 2025-10-01 and the `max_value` of 2025-10-01, inclusively.
2025-10-01 18:58:53,334 - __main__ - INFO - All required files validated successfully
2025-10-01 18:58:53,347 - __main__ - WARNING - Error with date input: The default `value` of [datetime.date(2025, 9, 1), datetime.date(2025, 10, 1)] must lie between the `min_value` of 2025-10-01 and the `max_value` of 2025-10-01, inclusively.
2025-10-01 18:58:53,642 - __main__ - INFO - All required files validated successfully
2025-10-01 18:58:53,645 - __main__ - WARNING - Error with date input: The default `value` of [datetime.date(2025, 9, 1), datetime.date(2025, 10, 1)] must lie between the `min_value` of 2025-10-01 and the `max_value` of 2025-10-01, inclusively.
2025-10-01 18:58:53,957 - __main__ - INFO - All required files validated successfully
2025-10-01 18:58:53,962 - __main__ - WARNING - Error with date input: The default `value` of [datetime.date(2025, 9, 1), datetime.date(2025, 10, 1)] must lie between the `min_value` of 2025-10-01 and the `max_value` of 2025-10-01, inclusively.
2025-10-01 18:58:54,254 - __main__ - INFO - All required files validated successfully
2025-10-01 18:58:54,258 - __main__ - WARNING - Error with date input: The default `value` of [datetime.date(2025, 9, 1), datetime.date(2025, 10, 1)] must lie between the `min_value` of 2025-10-01 and the `max_value` of 2025-10-01, inclusively.
2025-10-01 18:58:54,541 - __main__ - INFO - All required files validated successfully
2025-10-01 18:58:54,545 - __main__ - WARNING - Error with date input: The default `value` of [datetime.date(2025, 9, 1), datetime.date(2025, 10, 1)] must lie between the `min_value` of 2025-10-01 and the `max_value` of 2025-10-01, inclusively.
2025-10-01 18:58:54,858 - __main__ - INFO - All required files validated successfully
2025-10-01 18:58:54,863 - __main__ - WARNING - Error with date input: The default `value` of [datetime.date(2025, 9, 1), datetime.date(2025, 10, 1)] must lie between the `min_value` of 2025-10-01 and the `max_value` of 2025-10-01, inclusively.
2025-10-01 18:58:55,180 - __main__ - INFO - All required files validated successfully
2025-10-01 18:58:55,184 - __main__ - WARNING - Error with date input: The default `value` of [datetime.date(2025, 9, 1), datetime.date(2025, 10, 1)] must lie between the `min_value` of 2025-10-01 and the `max_value` of 2025-10-01, inclusively.
2025-10-01 18:58:55,460 - __main__ - INFO - All required files validated successfully
2025-10-01 18:58:55,464 - __main__ - WARNING - Error with date input: The default `value` of [datetime.date(2025, 9, 1), datetime.date(2025, 10, 1)] must lie between the `min_value` of 2025-10-01 and the `max_value` of 2025-10-01, inclusively.
2025-10-01 18:58:55,777 - __main__ - INFO - All required files validated successfully
2025-10-01 18:58:55,781 - __main__ - WARNING - Error with date input: The default `value` of [datetime.date(2025, 9, 1), datetime.date(2025, 10, 1)] must lie between the `min_value` of 2025-10-01 and the `max_value` of 2025-10-01, inclusively.
2025-10-01 18:58:56,096 - __main__ - INFO - All required files validated successfully
2025-10-01 18:58:56,112 - __main__ - WARNING - Error with date input: The default `value` of [datetime.date(2025, 9, 1), datetime.date(2025, 10, 1)] must lie between the `min_value` of 2025-10-01 and the `max_value` of 2025-10-01, inclusively.
2025-10-01 18:58:56,429 - __main__ - INFO - All required files validated successfully
2025-10-01 18:58:56,433 - __main__ - WARNING - Error with date input: The default `value` of [datetime.date(2025, 9, 1), datetime.date(2025, 10, 1)] must lie between the `min_value` of 2025-10-01 and the `max_value` of 2025-10-01, inclusively.
2025-10-01 18:58:56,713 - __main__ - INFO - All required files validated successfully
2025-10-01 18:58:56,717 - __main__ - WARNING - Error with date input: The default `value` of [datetime.date(2025, 9, 1), datetime.date(2025, 10, 1)] must lie between the `min_value` of 2025-10-01 and the `max_value` of 2025-10-01, inclusively.
2025-10-01 18:58:57,001 - __main__ - INFO - All required files validated successfully
2025-10-01 18:58:57,006 - __main__ - WARNING - Error with date input: The default `value` of [datetime.date(2025, 9, 1), datetime.date(2025, 10, 1)] must lie between the `min_value` of 2025-10-01 and the `max_value` of 2025-10-01, inclusively.
2025-10-01 18:58:57,319 - __main__ - INFO - All required files validated successfully
2025-10-01 18:58:57,323 - __main__ - WARNING - Error with date input: The default `value` of [datetime.date(2025, 9, 1), datetime.date(2025, 10, 1)] must lie between the `min_value` of 2025-10-01 and the `max_value` of 2025-10-01, inclusively.
2025-10-01 18:58:57,608 - __main__ - INFO - All required files validated successfully
2025-10-01 18:58:57,623 - __main__ - WARNING - Error with date input: The default `value` of [datetime.date(2025, 9, 1), datetime.date(2025, 10, 1)] must lie between the `min_value` of 2025-10-01 and the `max_value` of 2025-10-01, inclusively.
2025-10-01 18:58:57,983 - __main__ - INFO - All required files validated successfully
2025-10-01 18:58:57,988 - __main__ - WARNING - Error with date input: The default `value` of [datetime.date(2025, 9, 1), datetime.date(2025, 10, 1)] must lie between the `min_value` of 2025-10-01 and the `max_value` of 2025-10-01, inclusively.
2025-10-01 18:58:58,265 - __main__ - INFO - All required files validated successfully
2025-10-01 18:58:58,269 - __main__ - WARNING - Error with date input: The default `value` of [datetime.date(2025, 9, 1), datetime.date(2025, 10, 1)] must lie between the `min_value` of 2025-10-01 and the `max_value` of 2025-10-01, inclusively.
2025-10-01 18:58:58,569 - __main__ - INFO - All required files validated successfully
2025-10-01 18:58:58,573 - __main__ - WARNING - Error with date input: The default `value` of [datetime.date(2025, 9, 1), datetime.date(2025, 10, 1)] must lie between the `min_value` of 2025-10-01 and the `max_value` of 2025-10-01, inclusively.
2025-10-01 18:58:58,936 - __main__ - INFO - All required files validated successfully
2025-10-01 18:58:58,940 - __main__ - WARNING - Error with date input: The default `value` of [datetime.date(2025, 9, 1), datetime.date(2025, 10, 1)] must lie between the `min_value` of 2025-10-01 and the `max_value` of 2025-10-01, inclusively.
2025-10-01 18:58:59,246 - __main__ - INFO - All required files validated successfully
2025-10-01 18:58:59,250 - __main__ - WARNING - Error with date input: The default `value` of [datetime.date(2025, 9, 1), datetime.date(2025, 10, 1)] must lie between the `min_value` of 2025-10-01 and the `max_value` of 2025-10-01, inclusively.
2025-10-01 18:58:59,512 - __main__ - INFO - All required files validated successfully
2025-10-01 18:58:59,516 - __main__ - WARNING - Error with date input: The default `value` of [datetime.date(2025, 9, 1), datetime.date(2025, 10, 1)] must lie between the `min_value` of 2025-10-01 and the `max_value` of 2025-10-01, inclusively.
2025-10-01 18:58:59,866 - __main__ - INFO - All required files validated successfully
2025-10-01 18:58:59,873 - __main__ - WARNING - Error with date input: The default `value` of [datetime.date(2025, 9, 1), datetime.date(2025, 10, 1)] must lie between the `min_value` of 2025-10-01 and the `max_value` of 2025-10-01, inclusively.
2025-10-01 18:59:00,168 - __main__ - INFO - All required files validated successfully
2025-10-01 18:59:00,173 - __main__ - WARNING - Error with date input: The default `value` of [datetime.date(2025, 9, 1), datetime.date(2025, 10, 1)] must lie between the `min_value` of 2025-10-01 and the `max_value` of 2025-10-01, inclusively.
2025-10-01 18:59:00,446 - __main__ - INFO - All required files validated successfully
2025-10-01 18:59:00,450 - __main__ - WARNING - Error with date input: The default `value` of [datetime.date(2025, 9, 1), datetime.date(2025, 10, 1)] must lie between the `min_value` of 2025-10-01 and the `max_value` of 2025-10-01, inclusively.
2025-10-01 18:59:00,718 - __main__ - INFO - All required files validated successfully
2025-10-01 18:59:00,723 - __main__ - WARNING - Error with date input: The default `value` of [datetime.date(2025, 9, 1), datetime.date(2025, 10, 1)] must lie between the `min_value` of 2025-10-01 and the `max_value` of 2025-10-01, inclusively.
2025-10-01 18:59:01,007 - __main__ - INFO - All required files validated successfully
2025-10-01 18:59:01,011 - __main__ - WARNING - Error with date input: The default `value` of [datetime.date(2025, 9, 1), datetime.date(2025, 10, 1)] must lie between the `min_value` of 2025-10-01 and the `max_value` of 2025-10-01, inclusively.
2025-10-01 18:59:01,287 - __main__ - INFO - All required files validated successfully
2025-10-01 18:59:01,292 - __main__ - WARNING - Error with date input: The default `value` of [datetime.date(2025, 9, 1), datetime.date(2025, 10, 1)] must lie between the `min_value` of 2025-10-01 and the `max_value` of 2025-10-01, inclusively.
2025-10-01 18:59:01,567 - __main__ - INFO - All required files validated successfully
2025-10-01 18:59:01,571 - __main__ - WARNING - Error with date input: The default `value` of [datetime.date(2025, 9, 1), datetime.date(2025, 10, 1)] must lie between the `min_value` of 2025-10-01 and the `max_value` of 2025-10-01, inclusively.
2025-10-01 18:59:01,845 - __main__ - INFO - All required files validated successfully
2025-10-01 18:59:01,850 - __main__ - WARNING - Error with date input: The default `value` of [datetime.date(2025, 9, 1), datetime.date(2025, 10, 1)] must lie between the `min_value` of 2025-10-01 and the `max_value` of 2025-10-01, inclusively.
2025-10-01 18:59:02,150 - __main__ - INFO - All required files validated successfully
2025-10-01 18:59:02,155 - __main__ - WARNING - Error with date input: The default `value` of [datetime.date(2025, 9, 1), datetime.date(2025, 10, 1)] must lie between the `min_value` of 2025-10-01 and the `max_value` of 2025-10-01, inclusively.
2025-10-01 18:59:02,396 - __main__ - INFO - All required files validated successfully
2025-10-01 18:59:02,400 - __main__ - WARNING - Error with date input: The default `value` of [datetime.date(2025, 9, 1), datetime.date(2025, 10, 1)] must lie between the `min_value` of 2025-10-01 and the `max_value` of 2025-10-01, inclusively.
2025-10-01 18:59:02,665 - __main__ - INFO - All required files validated successfully
2025-10-01 18:59:02,668 - __main__ - WARNING - Error with date input: The default `value` of [datetime.date(2025, 9, 1), datetime.date(2025, 10, 1)] must lie between the `min_value` of 2025-10-01 and the `max_value` of 2025-10-01, inclusively.
2025-10-01 19:00:47,157 - __main__ - INFO - All required files validated successfully
2025-10-01 19:00:47,570 - __main__ - INFO - All required files validated successfully
2025-10-01 19:00:47,838 - __main__ - INFO - All required files validated successfully
2025-10-01 19:00:48,078 - __main__ - INFO - All required files validated successfully
2025-10-01 19:00:48,314 - __main__ - INFO - All required files validated successfully
